<?xml version="1.0" encoding="UTF-8"?>
<testng-results ignored="3" total="15" passed="10" failed="2" skipped="0">
  <reporter-output>
  </reporter-output>
  <suite started-at="2024-05-20T11:44:23Z" name="Suite" finished-at="2024-05-20T11:45:14Z" duration-ms="50349">
    <groups>
    </groups>
    <test started-at="2024-05-20T11:44:23Z" name="Test" finished-at="2024-05-20T11:45:14Z" duration-ms="50349">
      <class name="com.dhruv.tests.LoginTest_003">
        <test-method is-config="true" signature="configureLog4j()[pri:0, instance:com.dhruv.tests.LoginTest_003@73393584]" started-at="2024-05-20T17:14:23Z" name="configureLog4j" finished-at="2024-05-20T17:14:23Z" duration-ms="9" status="PASS">
          <reporter-output>
          </reporter-output>
        </test-method> <!-- configureLog4j -->
        <test-method is-config="true" signature="setUp()[pri:0, instance:com.dhruv.tests.LoginTest_003@73393584]" started-at="2024-05-20T17:14:44Z" name="setUp" finished-at="2024-05-20T17:14:47Z" duration-ms="2708" status="PASS">
          <reporter-output>
          </reporter-output>
        </test-method> <!-- setUp -->
        <test-method signature="testInvalidLogin()[pri:1, instance:com.dhruv.tests.LoginTest_003@73393584]" started-at="2024-05-20T17:14:47Z" name="testInvalidLogin" finished-at="2024-05-20T17:14:49Z" duration-ms="2733" status="PASS">
          <reporter-output>
          </reporter-output>
        </test-method> <!-- testInvalidLogin -->
        <test-method is-config="true" signature="tearDown()[pri:0, instance:com.dhruv.tests.LoginTest_003@73393584]" started-at="2024-05-20T17:14:49Z" name="tearDown" finished-at="2024-05-20T17:14:50Z" duration-ms="516" status="PASS">
          <reporter-output>
          </reporter-output>
        </test-method> <!-- tearDown -->
        <test-method is-config="true" signature="setUp()[pri:0, instance:com.dhruv.tests.LoginTest_003@73393584]" started-at="2024-05-20T17:14:50Z" name="setUp" finished-at="2024-05-20T17:14:54Z" duration-ms="4002" status="PASS">
          <reporter-output>
          </reporter-output>
        </test-method> <!-- setUp -->
        <test-method is-config="true" signature="setUp()[pri:0, instance:com.dhruv.tests.LoginTest_003@73393584]" started-at="2024-05-20T17:14:50Z" name="setUp" finished-at="2024-05-20T17:14:54Z" duration-ms="4535" status="PASS">
          <reporter-output>
          </reporter-output>
        </test-method> <!-- setUp -->
        <test-method signature="forgotPasswordTest()[pri:2, instance:com.dhruv.tests.LoginTest_003@73393584]" started-at="2024-05-20T17:14:54Z" name="forgotPasswordTest" finished-at="2024-05-20T17:14:55Z" depends-on-methods="com.dhruv.tests.LoginTest_003.testInvalidLogin" duration-ms="1140" status="FAIL">
          <exception class="org.openqa.selenium.StaleElementReferenceException">
            <message>
              <![CDATA[stale element reference: stale element not found
  (Session info: chrome=125.0.6422.61)
For documentation on this error, please visit: https://selenium.dev/exceptions/#stale_element_reference
Build info: version: '4.0.0-rc-1', revision: 'bc5511cbda'
System info: host: 'DCCPL0634', ip: '192.168.20.113', os.name: 'Windows 11', os.arch: 'amd64', os.version: '10.0', java.version: '17.0.11'
Driver info: org.openqa.selenium.chrome.ChromeDriver
Command: [6de2644b54d6c0992990bfbfbb147f3e, isElementDisplayed {id=f.CA0B76D3DFD110A621688D311D59131A.d.228EC1A3011DC0F62E74C1F54C12792C.e.18}]
Capabilities {acceptInsecureCerts: false, browserName: chrome, browserVersion: 125.0.6422.61, chrome: {chromedriverVersion: 124.0.6367.207 (a9001a6e39f..., userDataDir: C:\WINDOWS\SystemTemp\scope...}, fedcm:accounts: true, goog:chromeOptions: {debuggerAddress: localhost:58482}, javascriptEnabled: true, networkConnectionEnabled: false, pageLoadStrategy: normal, platform: WINDOWS, platformName: WINDOWS, proxy: Proxy(), se:cdp: ws://localhost:58482/devtoo..., se:cdpVersion: 125.0.6422.61, setWindowRect: true, strictFileInteractability: false, timeouts: {implicit: 0, pageLoad: 300000, script: 30000}, unhandledPromptBehavior: dismiss and notify, webauthn:extension:credBlob: true, webauthn:extension:largeBlob: true, webauthn:extension:minPinLength: true, webauthn:extension:prf: true, webauthn:virtualAuthenticators: true}
Element: [[ChromeDriver: chrome on WINDOWS (6de2644b54d6c0992990bfbfbb147f3e)] -> xpath: //a[text()='Forgot your password?']]
Session ID: 6de2644b54d6c0992990bfbfbb147f3e]]>
            </message>
            <full-stacktrace>
              <![CDATA[org.openqa.selenium.StaleElementReferenceException: stale element reference: stale element not found
  (Session info: chrome=125.0.6422.61)
For documentation on this error, please visit: https://selenium.dev/exceptions/#stale_element_reference
Build info: version: '4.0.0-rc-1', revision: 'bc5511cbda'
System info: host: 'DCCPL0634', ip: '192.168.20.113', os.name: 'Windows 11', os.arch: 'amd64', os.version: '10.0', java.version: '17.0.11'
Driver info: org.openqa.selenium.chrome.ChromeDriver
Command: [6de2644b54d6c0992990bfbfbb147f3e, isElementDisplayed {id=f.CA0B76D3DFD110A621688D311D59131A.d.228EC1A3011DC0F62E74C1F54C12792C.e.18}]
Capabilities {acceptInsecureCerts: false, browserName: chrome, browserVersion: 125.0.6422.61, chrome: {chromedriverVersion: 124.0.6367.207 (a9001a6e39f..., userDataDir: C:\WINDOWS\SystemTemp\scope...}, fedcm:accounts: true, goog:chromeOptions: {debuggerAddress: localhost:58482}, javascriptEnabled: true, networkConnectionEnabled: false, pageLoadStrategy: normal, platform: WINDOWS, platformName: WINDOWS, proxy: Proxy(), se:cdp: ws://localhost:58482/devtoo..., se:cdpVersion: 125.0.6422.61, setWindowRect: true, strictFileInteractability: false, timeouts: {implicit: 0, pageLoad: 300000, script: 30000}, unhandledPromptBehavior: dismiss and notify, webauthn:extension:credBlob: true, webauthn:extension:largeBlob: true, webauthn:extension:minPinLength: true, webauthn:extension:prf: true, webauthn:virtualAuthenticators: true}
Element: [[ChromeDriver: chrome on WINDOWS (6de2644b54d6c0992990bfbfbb147f3e)] -> xpath: //a[text()='Forgot your password?']]
Session ID: 6de2644b54d6c0992990bfbfbb147f3e
	at java.base/jdk.internal.reflect.NativeConstructorAccessorImpl.newInstance0(Native Method)
	at java.base/jdk.internal.reflect.NativeConstructorAccessorImpl.newInstance(NativeConstructorAccessorImpl.java:77)
	at java.base/jdk.internal.reflect.DelegatingConstructorAccessorImpl.newInstance(DelegatingConstructorAccessorImpl.java:45)
	at java.base/java.lang.reflect.Constructor.newInstanceWithCaller(Constructor.java:499)
	at java.base/java.lang.reflect.Constructor.newInstance(Constructor.java:480)
	at org.openqa.selenium.remote.codec.w3c.W3CHttpResponseCodec.createException(W3CHttpResponseCodec.java:200)
	at org.openqa.selenium.remote.codec.w3c.W3CHttpResponseCodec.decode(W3CHttpResponseCodec.java:133)
	at org.openqa.selenium.remote.codec.w3c.W3CHttpResponseCodec.decode(W3CHttpResponseCodec.java:53)
	at org.openqa.selenium.remote.HttpCommandExecutor.execute(HttpCommandExecutor.java:184)
	at org.openqa.selenium.remote.service.DriverCommandExecutor.invokeExecute(DriverCommandExecutor.java:164)
	at org.openqa.selenium.remote.service.DriverCommandExecutor.execute(DriverCommandExecutor.java:139)
	at org.openqa.selenium.remote.RemoteWebDriver.execute(RemoteWebDriver.java:547)
	at org.openqa.selenium.remote.RemoteWebElement.execute(RemoteWebElement.java:251)
	at org.openqa.selenium.remote.RemoteWebElement.isDisplayed(RemoteWebElement.java:307)
	at java.base/jdk.internal.reflect.NativeMethodAccessorImpl.invoke0(Native Method)
	at java.base/jdk.internal.reflect.NativeMethodAccessorImpl.invoke(NativeMethodAccessorImpl.java:77)
	at java.base/jdk.internal.reflect.DelegatingMethodAccessorImpl.invoke(DelegatingMethodAccessorImpl.java:43)
	at java.base/java.lang.reflect.Method.invoke(Method.java:568)
	at org.openqa.selenium.support.pagefactory.internal.LocatingElementHandler.invoke(LocatingElementHandler.java:52)
	at jdk.proxy2/jdk.proxy2.$Proxy21.isDisplayed(Unknown Source)
	at org.openqa.selenium.support.ui.ExpectedConditions.elementIfVisible(ExpectedConditions.java:307)
	at org.openqa.selenium.support.ui.ExpectedConditions.access$000(ExpectedConditions.java:40)
	at org.openqa.selenium.support.ui.ExpectedConditions$10.apply(ExpectedConditions.java:293)
	at org.openqa.selenium.support.ui.ExpectedConditions$10.apply(ExpectedConditions.java:290)
	at org.openqa.selenium.support.ui.ExpectedConditions$23.apply(ExpectedConditions.java:660)
	at org.openqa.selenium.support.ui.ExpectedConditions$23.apply(ExpectedConditions.java:656)
	at org.openqa.selenium.support.ui.FluentWait.until(FluentWait.java:208)
	at com.dhruv.helper.GenericUtils.waitForElementToBeClickable(GenericUtils.java:23)
	at com.dhruv.pageObjects.LoginPage.forgotPWD(LoginPage.java:70)
	at com.dhruv.tests.LoginTest_003.forgotPasswordTest(LoginTest_003.java:26)
	at java.base/jdk.internal.reflect.NativeMethodAccessorImpl.invoke0(Native Method)
	at java.base/jdk.internal.reflect.NativeMethodAccessorImpl.invoke(NativeMethodAccessorImpl.java:77)
	at java.base/jdk.internal.reflect.DelegatingMethodAccessorImpl.invoke(DelegatingMethodAccessorImpl.java:43)
	at java.base/java.lang.reflect.Method.invoke(Method.java:568)
	at org.testng.internal.MethodInvocationHelper.invokeMethod(MethodInvocationHelper.java:108)
	at org.testng.internal.Invoker.invokeMethod(Invoker.java:661)
	at org.testng.internal.Invoker.invokeTestMethod(Invoker.java:869)
	at org.testng.internal.Invoker.invokeTestMethods(Invoker.java:1193)
	at org.testng.internal.TestMethodWorker.invokeTestMethods(TestMethodWorker.java:126)
	at org.testng.internal.TestMethodWorker.run(TestMethodWorker.java:109)
	at java.base/java.util.concurrent.ThreadPoolExecutor.runWorker(ThreadPoolExecutor.java:1136)
	at java.base/java.util.concurrent.ThreadPoolExecutor$Worker.run(ThreadPoolExecutor.java:635)
	at java.base/java.lang.Thread.run(Thread.java:840)
]]>
            </full-stacktrace>
          </exception> <!-- org.openqa.selenium.StaleElementReferenceException -->
          <reporter-output>
          </reporter-output>
        </test-method> <!-- forgotPasswordTest -->
        <test-method signature="successfulLoginTest(java.lang.String, java.lang.String)[pri:3, instance:com.dhruv.tests.LoginTest_003@73393584]" started-at="2024-05-20T17:14:54Z" name="successfulLoginTest" finished-at="2024-05-20T17:15:09Z" duration-ms="15010" status="FAIL">
          <params>
            <param index="0">
              <value>
                <![CDATA[rahul]]>
              </value>
            </param>
            <param index="1">
              <value>
                <![CDATA[rahulshettyscademy]]>
              </value>
            </param>
          </params>
          <exception class="org.openqa.selenium.TimeoutException">
            <message>
              <![CDATA[Expected condition failed: waiting for visibility of Proxy element for: DefaultElementLocator 'By.xpath: //p[contains(text(),'successfully')]' (tried for 10 second(s) with 500 milliseconds interval)]]>
            </message>
            <full-stacktrace>
              <![CDATA[org.openqa.selenium.TimeoutException: Expected condition failed: waiting for visibility of Proxy element for: DefaultElementLocator 'By.xpath: //p[contains(text(),'successfully')]' (tried for 10 second(s) with 500 milliseconds interval)
	at org.openqa.selenium.support.ui.WebDriverWait.timeoutException(WebDriverWait.java:138)
	at org.openqa.selenium.support.ui.FluentWait.until(FluentWait.java:231)
	at com.dhruv.helper.GenericUtils.waitForElementToBeVisible(GenericUtils.java:29)
	at com.dhruv.pageObjects.LoginPage.validtedToCheckForTheSuccessfulLogin(LoginPage.java:88)
	at com.dhruv.tests.LoginTest_003.successfulLoginTest(LoginTest_003.java:46)
	at java.base/jdk.internal.reflect.NativeMethodAccessorImpl.invoke0(Native Method)
	at java.base/jdk.internal.reflect.NativeMethodAccessorImpl.invoke(NativeMethodAccessorImpl.java:77)
	at java.base/jdk.internal.reflect.DelegatingMethodAccessorImpl.invoke(DelegatingMethodAccessorImpl.java:43)
	at java.base/java.lang.reflect.Method.invoke(Method.java:568)
	at org.testng.internal.MethodInvocationHelper.invokeMethod(MethodInvocationHelper.java:108)
	at org.testng.internal.Invoker.invokeMethod(Invoker.java:661)
	at org.testng.internal.Invoker.invokeTestMethod(Invoker.java:869)
	at org.testng.internal.Invoker.invokeTestMethods(Invoker.java:1193)
	at org.testng.internal.TestMethodWorker.invokeTestMethods(TestMethodWorker.java:126)
	at org.testng.internal.TestMethodWorker.run(TestMethodWorker.java:109)
	at java.base/java.util.concurrent.ThreadPoolExecutor.runWorker(ThreadPoolExecutor.java:1136)
	at java.base/java.util.concurrent.ThreadPoolExecutor$Worker.run(ThreadPoolExecutor.java:635)
	at java.base/java.lang.Thread.run(Thread.java:840)
Caused by: org.openqa.selenium.NoSuchElementException: no such element: Unable to locate element: {"method":"xpath","selector":"//p[contains(text(),'successfully')]"}
  (Session info: chrome=125.0.6422.61)
For documentation on this error, please visit: https://selenium.dev/exceptions/#no_such_element
Build info: version: '4.0.0-rc-1', revision: 'bc5511cbda'
System info: host: 'DCCPL0634', ip: '192.168.20.113', os.name: 'Windows 11', os.arch: 'amd64', os.version: '10.0', java.version: '17.0.11'
Driver info: org.openqa.selenium.chrome.ChromeDriver
Command: [6de2644b54d6c0992990bfbfbb147f3e, findElement {using=xpath, value=//p[contains(text(),'successfully')]}]
Capabilities {acceptInsecureCerts: false, browserName: chrome, browserVersion: 125.0.6422.61, chrome: {chromedriverVersion: 124.0.6367.207 (a9001a6e39f..., userDataDir: C:\WINDOWS\SystemTemp\scope...}, fedcm:accounts: true, goog:chromeOptions: {debuggerAddress: localhost:58482}, javascriptEnabled: true, networkConnectionEnabled: false, pageLoadStrategy: normal, platform: WINDOWS, platformName: WINDOWS, proxy: Proxy(), se:cdp: ws://localhost:58482/devtoo..., se:cdpVersion: 125.0.6422.61, setWindowRect: true, strictFileInteractability: false, timeouts: {implicit: 0, pageLoad: 300000, script: 30000}, unhandledPromptBehavior: dismiss and notify, webauthn:extension:credBlob: true, webauthn:extension:largeBlob: true, webauthn:extension:minPinLength: true, webauthn:extension:prf: true, webauthn:virtualAuthenticators: true}
Session ID: 6de2644b54d6c0992990bfbfbb147f3e
	at java.base/jdk.internal.reflect.NativeConstructorAccessorImpl.newInstance0(Native Method)
	at java.base/jdk.internal.reflect.NativeConstructorAccessorImpl.newInstance(NativeConstructorAccessorImpl.java:77)
	at java.base/jdk.internal.reflect.DelegatingConstructorAccessorImpl.newInstance(DelegatingConstructorAccessorImpl.java:45)
	at java.base/java.lang.reflect.Constructor.newInstanceWithCaller(Constructor.java:499)
	at java.base/java.lang.reflect.Constructor.newInstance(Constructor.java:480)
	at org.openqa.selenium.remote.codec.w3c.W3CHttpResponseCodec.createException(W3CHttpResponseCodec.java:200)
	at org.openqa.selenium.remote.codec.w3c.W3CHttpResponseCodec.decode(W3CHttpResponseCodec.java:133)
	at org.openqa.selenium.remote.codec.w3c.W3CHttpResponseCodec.decode(W3CHttpResponseCodec.java:53)
	at org.openqa.selenium.remote.HttpCommandExecutor.execute(HttpCommandExecutor.java:184)
	at org.openqa.selenium.remote.service.DriverCommandExecutor.invokeExecute(DriverCommandExecutor.java:164)
	at org.openqa.selenium.remote.service.DriverCommandExecutor.execute(DriverCommandExecutor.java:139)
	at org.openqa.selenium.remote.RemoteWebDriver.execute(RemoteWebDriver.java:547)
	at org.openqa.selenium.remote.ElementLocation$ElementFinder$2.findElement(ElementLocation.java:162)
	at org.openqa.selenium.remote.ElementLocation.findElement(ElementLocation.java:60)
	at org.openqa.selenium.remote.RemoteWebDriver.findElement(RemoteWebDriver.java:381)
	at org.openqa.selenium.remote.RemoteWebDriver.findElement(RemoteWebDriver.java:373)
	at org.openqa.selenium.support.pagefactory.DefaultElementLocator.findElement(DefaultElementLocator.java:70)
	at org.openqa.selenium.support.pagefactory.internal.LocatingElementHandler.invoke(LocatingElementHandler.java:39)
	at jdk.proxy2/jdk.proxy2.$Proxy21.isDisplayed(Unknown Source)
	at org.openqa.selenium.support.ui.ExpectedConditions.elementIfVisible(ExpectedConditions.java:307)
	at org.openqa.selenium.support.ui.ExpectedConditions.access$000(ExpectedConditions.java:40)
	at org.openqa.selenium.support.ui.ExpectedConditions$10.apply(ExpectedConditions.java:293)
	at org.openqa.selenium.support.ui.ExpectedConditions$10.apply(ExpectedConditions.java:290)
	at org.openqa.selenium.support.ui.FluentWait.until(FluentWait.java:208)
	... 16 more
]]>
            </full-stacktrace>
          </exception> <!-- org.openqa.selenium.TimeoutException -->
          <reporter-output>
          </reporter-output>
        </test-method> <!-- successfulLoginTest -->
        <test-method is-config="true" signature="tearDown()[pri:0, instance:com.dhruv.tests.LoginTest_003@73393584]" started-at="2024-05-20T17:14:59Z" name="tearDown" finished-at="2024-05-20T17:15:02Z" duration-ms="2898" status="PASS">
          <reporter-output>
          </reporter-output>
        </test-method> <!-- tearDown -->
        <test-method is-config="true" signature="setUp()[pri:0, instance:com.dhruv.tests.LoginTest_003@73393584]" started-at="2024-05-20T17:15:02Z" name="setUp" finished-at="2024-05-20T17:15:04Z" duration-ms="2116" status="PASS">
          <reporter-output>
          </reporter-output>
        </test-method> <!-- setUp -->
        <test-method signature="validateForTheLoginBtnTextAndPracticeBtnText()[pri:4, instance:com.dhruv.tests.LoginTest_003@73393584]" started-at="2024-05-20T17:15:04Z" name="validateForTheLoginBtnTextAndPracticeBtnText" finished-at="2024-05-20T17:15:09Z" duration-ms="4708" status="PASS">
          <reporter-output>
          </reporter-output>
        </test-method> <!-- validateForTheLoginBtnTextAndPracticeBtnText -->
        <test-method is-config="true" signature="tearDown()[pri:0, instance:com.dhruv.tests.LoginTest_003@73393584]" started-at="2024-05-20T17:15:09Z" name="tearDown" finished-at="2024-05-20T17:15:10Z" duration-ms="1256" status="PASS">
          <reporter-output>
          </reporter-output>
        </test-method> <!-- tearDown -->
        <test-method is-config="true" signature="tearDown()[pri:0, instance:com.dhruv.tests.LoginTest_003@73393584]" started-at="2024-05-20T17:15:12Z" name="tearDown" finished-at="2024-05-20T17:15:14Z" duration-ms="1798" status="PASS">
          <reporter-output>
          </reporter-output>
        </test-method> <!-- tearDown -->
      </class> <!-- com.dhruv.tests.LoginTest_003 -->
      <class name="com.dhruv.tests.LoginTest_002">
        <test-method is-config="true" signature="setUp()[pri:0, instance:com.dhruv.tests.LoginTest_002@1827a871]" started-at="2024-05-20T17:14:44Z" name="setUp" finished-at="2024-05-20T17:14:46Z" duration-ms="2647" status="PASS">
          <reporter-output>
          </reporter-output>
        </test-method> <!-- setUp -->
        <test-method signature="testInvalidLogin()[pri:1, instance:com.dhruv.tests.LoginTest_002@1827a871]" started-at="2024-05-20T17:14:46Z" name="testInvalidLogin" finished-at="2024-05-20T17:14:49Z" duration-ms="2630" status="PASS">
          <reporter-output>
          </reporter-output>
        </test-method> <!-- testInvalidLogin -->
        <test-method is-config="true" signature="tearDown()[pri:0, instance:com.dhruv.tests.LoginTest_002@1827a871]" started-at="2024-05-20T17:14:49Z" name="tearDown" finished-at="2024-05-20T17:14:50Z" duration-ms="701" status="PASS">
          <reporter-output>
          </reporter-output>
        </test-method> <!-- tearDown -->
        <test-method is-config="true" signature="setUp()[pri:0, instance:com.dhruv.tests.LoginTest_002@1827a871]" started-at="2024-05-20T17:14:50Z" name="setUp" finished-at="2024-05-20T17:14:59Z" duration-ms="9127" status="PASS">
          <reporter-output>
          </reporter-output>
        </test-method> <!-- setUp -->
        <test-method signature="forgotPasswordTest()[pri:2, instance:com.dhruv.tests.LoginTest_002@1827a871]" started-at="2024-05-20T17:14:59Z" name="forgotPasswordTest" finished-at="2024-05-20T17:15:05Z" duration-ms="5613" status="PASS">
          <reporter-output>
          </reporter-output>
        </test-method> <!-- forgotPasswordTest -->
        <test-method is-config="true" signature="tearDown()[pri:0, instance:com.dhruv.tests.LoginTest_002@1827a871]" started-at="2024-05-20T17:15:05Z" name="tearDown" finished-at="2024-05-20T17:15:10Z" duration-ms="5316" status="PASS">
          <reporter-output>
          </reporter-output>
        </test-method> <!-- tearDown -->
      </class> <!-- com.dhruv.tests.LoginTest_002 -->
      <class name="com.dhruv.tests.LoginTest_001">
        <test-method is-config="true" signature="setUp()[pri:0, instance:com.dhruv.tests.LoginTest_001@31500940]" started-at="2024-05-20T17:14:23Z" name="setUp" finished-at="2024-05-20T17:14:31Z" duration-ms="7821" status="PASS">
          <reporter-output>
          </reporter-output>
        </test-method> <!-- setUp -->
        <test-method signature="forgotPasswordTest()[pri:0, instance:com.dhruv.tests.LoginTest_001@31500940]" started-at="2024-05-20T17:14:31Z" name="forgotPasswordTest" finished-at="2024-05-20T17:14:36Z" duration-ms="5077" status="PASS">
          <reporter-output>
          </reporter-output>
        </test-method> <!-- forgotPasswordTest -->
        <test-method is-config="true" signature="tearDown()[pri:0, instance:com.dhruv.tests.LoginTest_001@31500940]" started-at="2024-05-20T17:14:36Z" name="tearDown" finished-at="2024-05-20T17:14:37Z" duration-ms="626" status="PASS">
          <reporter-output>
          </reporter-output>
        </test-method> <!-- tearDown -->
        <test-method is-config="true" signature="setUp()[pri:0, instance:com.dhruv.tests.LoginTest_001@31500940]" started-at="2024-05-20T17:14:37Z" name="setUp" finished-at="2024-05-20T17:14:39Z" duration-ms="1607" status="PASS">
          <reporter-output>
          </reporter-output>
        </test-method> <!-- setUp -->
        <test-method signature="testInvalidLogin()[pri:0, instance:com.dhruv.tests.LoginTest_001@31500940]" started-at="2024-05-20T17:14:39Z" name="testInvalidLogin" finished-at="2024-05-20T17:14:41Z" duration-ms="2444" status="PASS">
          <reporter-output>
          </reporter-output>
        </test-method> <!-- testInvalidLogin -->
        <test-method is-config="true" signature="tearDown()[pri:0, instance:com.dhruv.tests.LoginTest_001@31500940]" started-at="2024-05-20T17:14:41Z" name="tearDown" finished-at="2024-05-20T17:14:42Z" duration-ms="1464" status="PASS">
          <reporter-output>
          </reporter-output>
        </test-method> <!-- tearDown -->
      </class> <!-- com.dhruv.tests.LoginTest_001 -->
      <class name="com.dhruv.tests.DropdownTest_004">
        <test-method is-config="true" signature="setUp()[pri:0, instance:com.dhruv.tests.DropdownTest_004@48e64352]" started-at="2024-05-20T17:14:23Z" name="setUp" finished-at="2024-05-20T17:14:27Z" duration-ms="3319" status="PASS">
          <reporter-output>
          </reporter-output>
        </test-method> <!-- setUp -->
        <test-method signature="currencyDrodownTest()[pri:0, instance:com.dhruv.tests.DropdownTest_004@48e64352]" started-at="2024-05-20T17:14:27Z" name="currencyDrodownTest" finished-at="2024-05-20T17:14:28Z" duration-ms="1147" status="PASS">
          <reporter-output>
          </reporter-output>
        </test-method> <!-- currencyDrodownTest -->
        <test-method is-config="true" signature="tearDown()[pri:0, instance:com.dhruv.tests.DropdownTest_004@48e64352]" started-at="2024-05-20T17:14:28Z" name="tearDown" finished-at="2024-05-20T17:14:28Z" duration-ms="483" status="PASS">
          <reporter-output>
          </reporter-output>
        </test-method> <!-- tearDown -->
        <test-method is-config="true" signature="setUp()[pri:0, instance:com.dhruv.tests.DropdownTest_004@48e64352]" started-at="2024-05-20T17:14:28Z" name="setUp" finished-at="2024-05-20T17:14:30Z" duration-ms="1587" status="PASS">
          <reporter-output>
          </reporter-output>
        </test-method> <!-- setUp -->
        <test-method signature="passengerDrodownTest()[pri:0, instance:com.dhruv.tests.DropdownTest_004@48e64352]" started-at="2024-05-20T17:14:30Z" name="passengerDrodownTest" finished-at="2024-05-20T17:14:32Z" duration-ms="2273" status="PASS">
          <reporter-output>
          </reporter-output>
        </test-method> <!-- passengerDrodownTest -->
        <test-method is-config="true" signature="tearDown()[pri:0, instance:com.dhruv.tests.DropdownTest_004@48e64352]" started-at="2024-05-20T17:14:32Z" name="tearDown" finished-at="2024-05-20T17:14:33Z" duration-ms="1040" status="PASS">
          <reporter-output>
          </reporter-output>
        </test-method> <!-- tearDown -->
        <test-method is-config="true" signature="setUp()[pri:0, instance:com.dhruv.tests.DropdownTest_004@48e64352]" started-at="2024-05-20T17:14:33Z" name="setUp" finished-at="2024-05-20T17:14:35Z" duration-ms="1865" status="PASS">
          <reporter-output>
          </reporter-output>
        </test-method> <!-- setUp -->
        <test-method signature="testAutoSuggestiveCountryDD()[pri:0, instance:com.dhruv.tests.DropdownTest_004@48e64352]" started-at="2024-05-20T17:14:35Z" name="testAutoSuggestiveCountryDD" finished-at="2024-05-20T17:14:38Z" duration-ms="2921" status="PASS">
          <reporter-output>
          </reporter-output>
        </test-method> <!-- testAutoSuggestiveCountryDD -->
        <test-method is-config="true" signature="tearDown()[pri:0, instance:com.dhruv.tests.DropdownTest_004@48e64352]" started-at="2024-05-20T17:14:38Z" name="tearDown" finished-at="2024-05-20T17:14:40Z" duration-ms="1672" status="PASS">
          <reporter-output>
          </reporter-output>
        </test-method> <!-- tearDown -->
        <test-method is-config="true" signature="setUp()[pri:0, instance:com.dhruv.tests.DropdownTest_004@48e64352]" started-at="2024-05-20T17:14:40Z" name="setUp" finished-at="2024-05-20T17:14:41Z" duration-ms="1548" status="PASS">
          <reporter-output>
          </reporter-output>
        </test-method> <!-- setUp -->
        <test-method signature="testDropdownSelection()[pri:0, instance:com.dhruv.tests.DropdownTest_004@48e64352]" started-at="2024-05-20T17:14:41Z" name="testDropdownSelection" finished-at="2024-05-20T17:14:43Z" duration-ms="2058" status="PASS">
          <reporter-output>
          </reporter-output>
        </test-method> <!-- testDropdownSelection -->
        <test-method is-config="true" signature="tearDown()[pri:0, instance:com.dhruv.tests.DropdownTest_004@48e64352]" started-at="2024-05-20T17:14:43Z" name="tearDown" finished-at="2024-05-20T17:14:44Z" duration-ms="447" status="PASS">
          <reporter-output>
          </reporter-output>
        </test-method> <!-- tearDown -->
      </class> <!-- com.dhruv.tests.DropdownTest_004 -->
    </test> <!-- Test -->
  </suite> <!-- Suite -->
</testng-results>
